<?xml version="1.0" encoding="UTF-8"?>
<testsuite name="示例测试"
           tests="6"
           failures="0"
           errors="0"
           skipped="0"
           time="1.578">
    <properties/>


    <testcase name="normal" time="0.104" classname="example.t1.TestCase"/>
    <testcase name="normal" time="0.983" classname="example.t1.TestCase"/>
    <testcase name="normal" time="0.103" classname="example.t1.TestCase"/>
    <testcase name="normal" time="0.138" classname="example.t1.TestCase"/>
    <testcase name="normal" time="0.149" classname="example.t1.TestCase"/>
    <testcase name="testNormal" time="0.101" classname="example.t1.TestCase"/>

</testsuite>
